{"action": "fetch_post", "post_id": "806f07b0-ebff-4b1e-84a9-a195670da2e3", "result": "pending", "timestamp": "2026-03-09T19:53:40.593027+00:00"}
{"action": "post_attempt", "post_id": "806f07b0-ebff-4b1e-84a9-a195670da2e3", "platform": "linkedin", "account_id": "spc_XBwfho98R4psKyhFH1cWt", "result": "pending", "timestamp": "2026-03-09T19:53:40.628669+00:00"}
{"action": "post_success", "post_id": "806f07b0-ebff-4b1e-84a9-a195670da2e3", "platform": "linkedin", "pfm_post_id": "sp_MRgRrdjePV2TEwlxnAvH", "result": "ok", "timestamp": "2026-03-09T19:53:42.081517+00:00"}
{"action": "supabase_update", "post_id": "806f07b0-ebff-4b1e-84a9-a195670da2e3", "result": "ok", "pfm_post_id": "sp_MRgRrdjePV2TEwlxnAvH", "timestamp": "2026-03-09T19:53:42.097949+00:00"}
{"action": "fetch_post", "post_id": "5672ec38-e98b-447e-8d95-63abd435cea6", "result": "pending", "timestamp": "2026-03-09T19:53:42.158932+00:00"}
{"action": "post_attempt", "post_id": "5672ec38-e98b-447e-8d95-63abd435cea6", "platform": "instagram", "account_id": "spc_0IXzDmJmOSFCXIkXEVpL", "result": "pending", "timestamp": "2026-03-09T19:53:42.182033+00:00"}
{"action": "post_success", "post_id": "5672ec38-e98b-447e-8d95-63abd435cea6", "platform": "instagram", "pfm_post_id": "sp_bvuRea08rAxrTsPAAdrnF", "result": "ok", "timestamp": "2026-03-09T19:53:43.480494+00:00"}
{"action": "supabase_update", "post_id": "5672ec38-e98b-447e-8d95-63abd435cea6", "result": "ok", "pfm_post_id": "sp_bvuRea08rAxrTsPAAdrnF", "timestamp": "2026-03-09T19:53:43.499280+00:00"}
{"action": "fetch_post", "post_id": "9b27b591-17e5-4e07-9b48-7b070c76c435", "result": "pending", "timestamp": "2026-03-09T19:53:43.560439+00:00"}
{"action": "post_attempt", "post_id": "9b27b591-17e5-4e07-9b48-7b070c76c435", "platform": "facebook", "account_id": "spc_cZOyKgi9APTOiXi4t", "result": "pending", "timestamp": "2026-03-09T19:53:43.702344+00:00"}
{"action": "post_success", "post_id": "9b27b591-17e5-4e07-9b48-7b070c76c435", "platform": "facebook", "pfm_post_id": "sp_Cyu8yMqBbJpK9PCR8Jeeh", "result": "ok", "timestamp": "2026-03-09T19:53:44.904095+00:00"}
{"action": "supabase_update", "post_id": "9b27b591-17e5-4e07-9b48-7b070c76c435", "result": "ok", "pfm_post_id": "sp_Cyu8yMqBbJpK9PCR8Jeeh", "timestamp": "2026-03-09T19:53:44.925637+00:00"}
{"action": "fetch_post", "post_id": "c2152fc0-fcc5-4f57-9748-81e994cf7022", "result": "pending", "timestamp": "2026-03-09T21:44:49.298405+00:00"}
{"action": "post_attempt", "post_id": "c2152fc0-fcc5-4f57-9748-81e994cf7022", "platform": "linkedin", "account_id": "spc_XBwfho98R4psKyhFH1cWt", "media_count": 1, "result": "pending", "timestamp": "2026-03-09T21:44:49.321479+00:00"}
{"action": "post_success", "post_id": "c2152fc0-fcc5-4f57-9748-81e994cf7022", "platform": "linkedin", "pfm_post_id": "sp_b56nKLYi9GCTa4tTl3Vsj", "result": "ok", "timestamp": "2026-03-09T21:44:50.945045+00:00"}
{"action": "supabase_update", "post_id": "c2152fc0-fcc5-4f57-9748-81e994cf7022", "result": "ok", "pfm_post_id": "sp_b56nKLYi9GCTa4tTl3Vsj", "timestamp": "2026-03-09T21:44:50.977891+00:00"}
{"action": "fetch_post", "post_id": "7ef183b9-2212-4d33-8456-5258963e4529", "result": "pending", "timestamp": "2026-03-09T21:44:51.046342+00:00"}
{"action": "post_attempt", "post_id": "7ef183b9-2212-4d33-8456-5258963e4529", "platform": "facebook", "account_id": "spc_cZOyKgi9APTOiXi4t", "media_count": 1, "result": "pending", "timestamp": "2026-03-09T21:44:51.078630+00:00"}
{"action": "post_success", "post_id": "7ef183b9-2212-4d33-8456-5258963e4529", "platform": "facebook", "pfm_post_id": "sp_WkwxGQLH0QboOuFt0s4", "result": "ok", "timestamp": "2026-03-09T21:44:52.430389+00:00"}
{"action": "supabase_update", "post_id": "7ef183b9-2212-4d33-8456-5258963e4529", "result": "ok", "pfm_post_id": "sp_WkwxGQLH0QboOuFt0s4", "timestamp": "2026-03-09T21:44:52.467518+00:00"}
{"action": "fetch_post", "post_id": "51f978e6-3cbf-49ad-872a-d91b814e697f", "result": "pending", "timestamp": "2026-03-09T21:44:52.526670+00:00"}
{"action": "post_attempt", "post_id": "51f978e6-3cbf-49ad-872a-d91b814e697f", "platform": "instagram", "account_id": "spc_0IXzDmJmOSFCXIkXEVpL", "media_count": 1, "result": "pending", "timestamp": "2026-03-09T21:44:52.549660+00:00"}
{"action": "post_success", "post_id": "51f978e6-3cbf-49ad-872a-d91b814e697f", "platform": "instagram", "pfm_post_id": "sp_cwMdo4A3OFuPRTogIBmwu", "result": "ok", "timestamp": "2026-03-09T21:44:53.798185+00:00"}
{"action": "supabase_update", "post_id": "51f978e6-3cbf-49ad-872a-d91b814e697f", "result": "ok", "pfm_post_id": "sp_cwMdo4A3OFuPRTogIBmwu", "timestamp": "2026-03-09T21:44:53.815595+00:00"}
